<?xml version="1.0" encoding="UTF-8"?>
<!-- Generated by org.testng.reporters.JUnitReportReporter -->
<testsuite hostname="DESKTOP-RVJV18D" failures="0" tests="13" name="com.qe.project.testcases.BCLTaskpage_Test" time="26.854" errors="0" timestamp="2023-09-03T13:41:08 IST" skipped="0">
  <testcase classname="com.qe.project.testcases.BCLTaskpage_Test" name="clickOnDispositionlinkTest" time="4.591"/>
  <system-out/>
  <testcase classname="com.qe.project.testcases.BCLTaskpage_Test" name="clickBCL" time="4.789"/>
  <system-out/>
  <testcase classname="com.qe.project.testcases.BCLTaskpage_Test" name="selectBCLItem" time="1.332"/>
  <system-out/>
  <testcase classname="com.qe.project.testcases.BCLTaskpage_Test" name="clickBCLUpdate" time="2.160"/>
  <system-out/>
  <testcase classname="com.qe.project.testcases.BCLTaskpage_Test" name="BCLSelcetData1" time="3.269"/>
  <system-out/>
  <testcase classname="com.qe.project.testcases.BCLTaskpage_Test" name="parchaseInvoice" time="0.136"/>
  <system-out/>
  <testcase classname="com.qe.project.testcases.BCLTaskpage_Test" name="parchaseUpdate" time="2.293"/>
  <system-out/>
  <testcase classname="com.qe.project.testcases.BCLTaskpage_Test" name="addDataField" time="0.206"/>
  <system-out/>
  <testcase classname="com.qe.project.testcases.BCLTaskpage_Test" name="selectData2" time="0.165"/>
  <system-out/>
  <testcase classname="com.qe.project.testcases.BCLTaskpage_Test" name="damageCertificate" time="0.190"/>
  <system-out/>
  <testcase classname="com.qe.project.testcases.BCLTaskpage_Test" name="damageUpload1" time="7.341"/>
  <system-out/>
  <testcase classname="com.qe.project.testcases.BCLTaskpage_Test" name="submitFirst" time="0.180"/>
  <system-out/>
  <testcase classname="com.qe.project.testcases.BCLTaskpage_Test" name="clickOnDispositionlinkTest1" time="0.202"/>
  <system-out/>
</testsuite> <!-- com.qe.project.testcases.BCLTaskpage_Test -->
