<?xml version="1.0" encoding="UTF-8"?>
<!-- Generated by org.testng.reporters.JUnitReportReporter -->
<testsuite hostname="DESKTOP-RVJV18D" failures="0" tests="11" name="com.qe.project.testcases.warehousepage_Test" time="12.540" errors="0" timestamp="2023-09-03T13:41:08 IST" skipped="0">
  <testcase classname="com.qe.project.testcases.warehousepage_Test" name="clickOnRTV" time="5.543"/>
  <system-out/>
  <testcase classname="com.qe.project.testcases.warehousepage_Test" name="clickOnselect" time="2.039"/>
  <system-out/>
  <testcase classname="com.qe.project.testcases.warehousepage_Test" name="clickOnupdate" time="0.195"/>
  <system-out/>
  <testcase classname="com.qe.project.testcases.warehousepage_Test" name="clickOnreturndate" time="1.270"/>
  <system-out/>
  <testcase classname="com.qe.project.testcases.warehousepage_Test" name="clickOnselectdata" time="1.254"/>
  <system-out/>
  <testcase classname="com.qe.project.testcases.warehousepage_Test" name="clickOnOK" time="0.231"/>
  <system-out/>
  <testcase classname="com.qe.project.testcases.warehousepage_Test" name="clickreturnmethod" time="0.126"/>
  <system-out/>
  <testcase classname="com.qe.project.testcases.warehousepage_Test" name="clickOndispatch" time="0.185"/>
  <system-out/>
  <testcase classname="com.qe.project.testcases.warehousepage_Test" name="clickdocumenttype" time="0.244"/>
  <system-out/>
  <testcase classname="com.qe.project.testcases.warehousepage_Test" name="clickInvoice" time="1.172"/>
  <system-out/>
  <testcase classname="com.qe.project.testcases.warehousepage_Test" name="clicksubmit" time="0.281"/>
  <system-out/>
</testsuite> <!-- com.qe.project.testcases.warehousepage_Test -->
