<?xml version="1.0" encoding="UTF-8"?>
<!-- Generated by org.testng.reporters.JUnitReportReporter -->
<testsuite hostname="DESKTOP-RVJV18D" failures="0" tests="45" name="com.qe.project.testcases.warehouseBCL_Test" time="0.005" errors="0" timestamp="2023-09-19T09:15:54 IST" skipped="45">
  <testcase classname="com.qe.project.testcases.warehouseBCL_Test" name="clickOnDispositionlinkTest" time="0.001">
    <skipped/>
  </testcase> <!-- clickOnDispositionlinkTest -->
  <testcase classname="com.qe.project.testcases.warehouseBCL_Test" name="clickBCL" time="0.000">
    <skipped/>
  </testcase> <!-- clickBCL -->
  <testcase classname="com.qe.project.testcases.warehouseBCL_Test" name="brandCallLogFilter" time="0.000">
    <skipped/>
  </testcase> <!-- brandCallLogFilter -->
  <testcase classname="com.qe.project.testcases.warehouseBCL_Test" name="brandFieldFilter" time="0.001">
    <skipped/>
  </testcase> <!-- brandFieldFilter -->
  <testcase classname="com.qe.project.testcases.warehouseBCL_Test" name="brandApplyFilter" time="0.000">
    <skipped/>
  </testcase> <!-- brandApplyFilter -->
  <testcase classname="com.qe.project.testcases.warehouseBCL_Test" name="selectBCLItem" time="0.000">
    <skipped/>
  </testcase> <!-- selectBCLItem -->
  <testcase classname="com.qe.project.testcases.warehouseBCL_Test" name="clickBCLUpdate" time="0.000">
    <skipped/>
  </testcase> <!-- clickBCLUpdate -->
  <testcase classname="com.qe.project.testcases.warehouseBCL_Test" name="BCLSelcetData1" time="0.000">
    <skipped/>
  </testcase> <!-- BCLSelcetData1 -->
  <testcase classname="com.qe.project.testcases.warehouseBCL_Test" name="parchaseInvoice" time="0.000">
    <skipped/>
  </testcase> <!-- parchaseInvoice -->
  <testcase classname="com.qe.project.testcases.warehouseBCL_Test" name="parchaseUpdate" time="0.000">
    <skipped/>
  </testcase> <!-- parchaseUpdate -->
  <testcase classname="com.qe.project.testcases.warehouseBCL_Test" name="addDataField" time="0.000">
    <skipped/>
  </testcase> <!-- addDataField -->
  <testcase classname="com.qe.project.testcases.warehouseBCL_Test" name="selectData2" time="0.000">
    <skipped/>
  </testcase> <!-- selectData2 -->
  <testcase classname="com.qe.project.testcases.warehouseBCL_Test" name="damageCertificate" time="0.001">
    <skipped/>
  </testcase> <!-- damageCertificate -->
  <testcase classname="com.qe.project.testcases.warehouseBCL_Test" name="damageUpload1" time="0.000">
    <skipped/>
  </testcase> <!-- damageUpload1 -->
  <testcase classname="com.qe.project.testcases.warehouseBCL_Test" name="submitFirst" time="0.001">
    <skipped/>
  </testcase> <!-- submitFirst -->
  <testcase classname="com.qe.project.testcases.warehouseBCL_Test" name="pendingInformationOK" time="0.000">
    <skipped/>
  </testcase> <!-- pendingInformationOK -->
  <testcase classname="com.qe.project.testcases.warehouseBCL_Test" name="pendingBclTickets" time="0.000">
    <skipped/>
  </testcase> <!-- pendingBclTickets -->
  <testcase classname="com.qe.project.testcases.warehouseBCL_Test" name="selectBclTickets" time="0.000">
    <skipped/>
  </testcase> <!-- selectBclTickets -->
  <testcase classname="com.qe.project.testcases.warehouseBCL_Test" name="updateBclTickets" time="0.000">
    <skipped/>
  </testcase> <!-- updateBclTickets -->
  <testcase classname="com.qe.project.testcases.warehouseBCL_Test" name="ticketNoBclTickets" time="0.000">
    <skipped/>
  </testcase> <!-- ticketNoBclTickets -->
  <testcase classname="com.qe.project.testcases.warehouseBCL_Test" name="ticketDateBclTickets" time="0.000">
    <skipped/>
  </testcase> <!-- ticketDateBclTickets -->
  <testcase classname="com.qe.project.testcases.warehouseBCL_Test" name="selectCalendorBclTickets" time="0.000">
    <skipped/>
  </testcase> <!-- selectCalendorBclTickets -->
  <testcase classname="com.qe.project.testcases.warehouseBCL_Test" name="calendorOkBclTickets" time="0.000">
    <skipped/>
  </testcase> <!-- calendorOkBclTickets -->
  <testcase classname="com.qe.project.testcases.warehouseBCL_Test" name="submitBclTickets" time="0.000">
    <skipped/>
  </testcase> <!-- submitBclTickets -->
  <testcase classname="com.qe.project.testcases.warehouseBCL_Test" name="submitBCLTicketsOkbutton" time="0.000">
    <skipped/>
  </testcase> <!-- submitBCLTicketsOkbutton -->
  <testcase classname="com.qe.project.testcases.warehouseBCL_Test" name="pendingInspection1" time="0.000">
    <skipped/>
  </testcase> <!-- pendingInspection1 -->
  <testcase classname="com.qe.project.testcases.warehouseBCL_Test" name="selectInspection" time="0.000">
    <skipped/>
  </testcase> <!-- selectInspection -->
  <testcase classname="com.qe.project.testcases.warehouseBCL_Test" name="updateInspection" time="0.000">
    <skipped/>
  </testcase> <!-- updateInspection -->
  <testcase classname="com.qe.project.testcases.warehouseBCL_Test" name="brandInspectionDate1" time="0.000">
    <skipped/>
  </testcase> <!-- brandInspectionDate1 -->
  <testcase classname="com.qe.project.testcases.warehouseBCL_Test" name="brandDatecalendorInpsection" time="0.000">
    <skipped/>
  </testcase> <!-- brandDatecalendorInpsection -->
  <testcase classname="com.qe.project.testcases.warehouseBCL_Test" name="brandDateOkInspection" time="0.000">
    <skipped/>
  </testcase> <!-- brandDateOkInspection -->
  <testcase classname="com.qe.project.testcases.warehouseBCL_Test" name="brandInspectionReport" time="0.000">
    <skipped/>
  </testcase> <!-- brandInspectionReport -->
  <testcase classname="com.qe.project.testcases.warehouseBCL_Test" name="submitBrandInspection" time="0.000">
    <skipped/>
  </testcase> <!-- submitBrandInspection -->
  <testcase classname="com.qe.project.testcases.warehouseBCL_Test" name="brandInspectionOkbutton" time="0.000">
    <skipped/>
  </testcase> <!-- brandInspectionOkbutton -->
  <testcase classname="com.qe.project.testcases.warehouseBCL_Test" name="pendingDecision" time="0.001">
    <skipped/>
  </testcase> <!-- pendingDecision -->
  <testcase classname="com.qe.project.testcases.warehouseBCL_Test" name="selectPendingDecision" time="0.000">
    <skipped/>
  </testcase> <!-- selectPendingDecision -->
  <testcase classname="com.qe.project.testcases.warehouseBCL_Test" name="updatePendingDecision" time="0.000">
    <skipped/>
  </testcase> <!-- updatePendingDecision -->
  <testcase classname="com.qe.project.testcases.warehouseBCL_Test" name="brandDecision" time="0.000">
    <skipped/>
  </testcase> <!-- brandDecision -->
  <testcase classname="com.qe.project.testcases.warehouseBCL_Test" name="brandDecisionRTV" time="0.000">
    <skipped/>
  </testcase> <!-- brandDecisionRTV -->
  <testcase classname="com.qe.project.testcases.warehouseBCL_Test" name="brandApprovalReferanceNo" time="0.000">
    <skipped/>
  </testcase> <!-- brandApprovalReferanceNo -->
  <testcase classname="com.qe.project.testcases.warehouseBCL_Test" name="brandDecisionCreditNo" time="0.000">
    <skipped/>
  </testcase> <!-- brandDecisionCreditNo -->
  <testcase classname="com.qe.project.testcases.warehouseBCL_Test" name="decisionCreditNoteAmount" time="0.000">
    <skipped/>
  </testcase> <!-- decisionCreditNoteAmount -->
  <testcase classname="com.qe.project.testcases.warehouseBCL_Test" name="brandDecisionSubsmit" time="0.000">
    <skipped/>
  </testcase> <!-- brandDecisionSubsmit -->
  <testcase classname="com.qe.project.testcases.warehouseBCL_Test" name="brandDecisionOkbutton" time="0.000">
    <skipped/>
  </testcase> <!-- brandDecisionOkbutton -->
  <testcase classname="com.qe.project.testcases.warehouseBCL_Test" name="clickOnDispositionlinkTest1" time="0.000">
    <skipped/>
  </testcase> <!-- clickOnDispositionlinkTest1 -->
</testsuite> <!-- com.qe.project.testcases.warehouseBCL_Test -->
