<?xml version="1.0" encoding="UTF-8"?>
<!-- Generated by org.testng.reporters.JUnitReportReporter -->
<testsuite hostname="S1238L" failures="1" tests="5" name="com.qe.project.testcases.calendarReviewPage_Test" time="24.305" errors="0" timestamp="2022-01-11T17:12:19 IST" skipped="0">
  <testcase classname="com.qe.project.testcases.calendarReviewPage_Test" name="backtoEditBtnValidationTest" time="0.073"/>
  <system-out/>
  <testcase classname="com.qe.project.testcases.calendarReviewPage_Test" name="reviewPagepriceValidationTest" time="6.750"/>
  <system-out/>
  <testcase classname="com.qe.project.testcases.calendarReviewPage_Test" name="projectNameTextValidationTest" time="8.111"/>
  <system-out/>
  <testcase classname="com.qe.project.testcases.calendarReviewPage_Test" name="clickOnAddToCartBtnTest" time="4.347"/>
  <system-out/>
  <testcase classname="com.qe.project.testcases.calendarReviewPage_Test" name="cartPageTitleValidationTest" time="5.024">
    <failure message="expected:&lt;[Wall Calendar Builder]&gt; but was:&lt;[Cart]&gt;" type="org.junit.ComparisonFailure">
      <![CDATA[org.junit.ComparisonFailure: expected:<[Wall Calendar Builder]> but was:<[Cart]>
at org.junit.Assert.assertEquals(Assert.java:115)
at org.junit.Assert.assertEquals(Assert.java:144)
at com.qe.project.testcases.calendarReviewPage_Test.cartPageTitleValidationTest(calendarReviewPage_Test.java:52)
at java.base/jdk.internal.reflect.NativeMethodAccessorImpl.invoke0(Native Method)
at java.base/jdk.internal.reflect.NativeMethodAccessorImpl.invoke(NativeMethodAccessorImpl.java:78)
at java.base/jdk.internal.reflect.DelegatingMethodAccessorImpl.invoke(DelegatingMethodAccessorImpl.java:43)
at java.base/java.lang.reflect.Method.invoke(Method.java:567)
at org.testng.internal.MethodInvocationHelper.invokeMethod(MethodInvocationHelper.java:133)
at org.testng.internal.TestInvoker.invokeMethod(TestInvoker.java:598)
at org.testng.internal.TestInvoker.invokeTestMethod(TestInvoker.java:173)
at org.testng.internal.MethodRunner.runInSequence(MethodRunner.java:46)
at org.testng.internal.TestInvoker$MethodInvocationAgent.invoke(TestInvoker.java:824)
at org.testng.internal.TestInvoker.invokeTestMethods(TestInvoker.java:146)
at org.testng.internal.TestMethodWorker.invokeTestMethods(TestMethodWorker.java:146)
at org.testng.internal.TestMethodWorker.run(TestMethodWorker.java:128)
at java.base/java.util.ArrayList.forEach(ArrayList.java:1511)
at org.testng.TestRunner.privateRun(TestRunner.java:794)
at org.testng.TestRunner.run(TestRunner.java:596)
at org.testng.SuiteRunner.runTest(SuiteRunner.java:377)
at org.testng.SuiteRunner.runSequentially(SuiteRunner.java:371)
at org.testng.SuiteRunner.privateRun(SuiteRunner.java:332)
at org.testng.SuiteRunner.run(SuiteRunner.java:276)
at org.testng.SuiteRunnerWorker.runSuite(SuiteRunnerWorker.java:53)
at org.testng.SuiteRunnerWorker.run(SuiteRunnerWorker.java:96)
at org.testng.TestNG.runSuitesSequentially(TestNG.java:1212)
at org.testng.TestNG.runSuitesLocally(TestNG.java:1134)
at org.testng.TestNG.runSuites(TestNG.java:1063)
at org.testng.TestNG.run(TestNG.java:1031)
at org.testng.remote.AbstractRemoteTestNG.run(AbstractRemoteTestNG.java:115)
at org.testng.remote.RemoteTestNG.initAndRun(RemoteTestNG.java:251)
at org.testng.remote.RemoteTestNG.main(RemoteTestNG.java:77)
]]>
    </failure>
  </testcase> <!-- cartPageTitleValidationTest -->
  <system-out/>
</testsuite> <!-- com.qe.project.testcases.calendarReviewPage_Test -->
