<?xml version="1.0" encoding="UTF-8"?>
<!-- Generated by org.testng.reporters.JUnitReportReporter -->
<testsuite hostname="LAPTOP-9FDKH1JV" failures="0" tests="26" name="com.qe.project.testcases.Sign_InTest" time="53.809" errors="0" timestamp="2024-07-27T13:03:51 IST" skipped="0">
  <testcase classname="com.qe.project.testcases.Sign_InTest" name="loginAcount" time="2.128"/>
  <system-out/>
  <testcase classname="com.qe.project.testcases.Sign_InTest" name="signUpbutton" time="1.113"/>
  <system-out/>
  <testcase classname="com.qe.project.testcases.Sign_InTest" name="countrySynbol" time="1.269"/>
  <system-out/>
  <testcase classname="com.qe.project.testcases.Sign_InTest" name="countryName" time="1.099"/>
  <system-out/>
  <testcase classname="com.qe.project.testcases.Sign_InTest" name="phoneNo" time="1.323"/>
  <system-out/>
  <testcase classname="com.qe.project.testcases.Sign_InTest" name="checkBox" time="1.141"/>
  <system-out/>
  <testcase classname="com.qe.project.testcases.Sign_InTest" name="continueButton" time="1.141"/>
  <system-out/>
  <testcase classname="com.qe.project.testcases.Sign_InTest" name="otp" time="2.537"/>
  <system-out/>
  <testcase classname="com.qe.project.testcases.Sign_InTest" name="firstName" time="2.490"/>
  <system-out/>
  <testcase classname="com.qe.project.testcases.Sign_InTest" name="lastName" time="2.238"/>
  <system-out/>
  <testcase classname="com.qe.project.testcases.Sign_InTest" name="email" time="1.379"/>
  <system-out/>
  <testcase classname="com.qe.project.testcases.Sign_InTest" name="done" time="1.143"/>
  <system-out/>
  <testcase classname="com.qe.project.testcases.Sign_InTest" name="brandsDropdown" time="8.761"/>
  <system-out/>
  <testcase classname="com.qe.project.testcases.Sign_InTest" name="listOfProducts" time="7.627"/>
  <system-out/>
  <testcase classname="com.qe.project.testcases.Sign_InTest" name="quantityDropDown" time="1.224"/>
  <system-out/>
  <testcase classname="com.qe.project.testcases.Sign_InTest" name="addToKart" time="1.134"/>
  <system-out/>
  <testcase classname="com.qe.project.testcases.Sign_InTest" name="addToIcon" time="1.131"/>
  <system-out/>
  <testcase classname="com.qe.project.testcases.Sign_InTest" name="productDetailsVerify" time="1.256"/>
  <system-out/>
  <testcase classname="com.qe.project.testcases.Sign_InTest" name="proccedCheckout" time="1.125"/>
  <system-out/>
  <testcase classname="com.qe.project.testcases.Sign_InTest" name="firstNameP" time="1.305"/>
  <system-out/>
  <testcase classname="com.qe.project.testcases.Sign_InTest" name="lastNameP" time="2.226"/>
  <system-out/>
  <testcase classname="com.qe.project.testcases.Sign_InTest" name="countryIcon" time="1.178"/>
  <system-out/>
  <testcase classname="com.qe.project.testcases.Sign_InTest" name="selectCountry" time="1.121"/>
  <system-out/>
  <testcase classname="com.qe.project.testcases.Sign_InTest" name="enterPhone" time="2.319"/>
  <system-out/>
  <testcase classname="com.qe.project.testcases.Sign_InTest" name="enterZipcode" time="2.308"/>
  <system-out/>
  <testcase classname="com.qe.project.testcases.Sign_InTest" name="continueButtonP" time="2.093"/>
  <system-out/>
</testsuite> <!-- com.qe.project.testcases.Sign_InTest -->
