<?xml version="1.0" encoding="UTF-8"?>
<!-- Generated by org.testng.reporters.JUnitReportReporter -->
<testsuite hostname="S1238L" failures="0" tests="6" name="com.qe.project.testcases.calendarCategorypage_Test" time="16.072" errors="0" timestamp="2022-01-11T17:12:19 IST" skipped="0">
  <testcase classname="com.qe.project.testcases.calendarCategorypage_Test" name="homePageValidationTest" time="7.167"/>
  <system-out/>
  <testcase classname="com.qe.project.testcases.calendarCategorypage_Test" name="ClickonCalendarHeaderLinkTest" time="0.137"/>
  <system-out/>
  <testcase classname="com.qe.project.testcases.calendarCategorypage_Test" name="categoryPageTitleValidationTest" time="3.052"/>
  <system-out/>
  <testcase classname="com.qe.project.testcases.calendarCategorypage_Test" name="categoryPageLablesValidationTest" time="0.197"/>
  <system-out/>
  <testcase classname="com.qe.project.testcases.calendarCategorypage_Test" name="clickOnpremimumwallcalendarlinkTest" time="0.109"/>
  <system-out/>
  <testcase classname="com.qe.project.testcases.calendarCategorypage_Test" name="validatePdpPageTitleTest" time="5.410"/>
  <system-out/>
</testsuite> <!-- com.qe.project.testcases.calendarCategorypage_Test -->
