<?xml version="1.0" encoding="UTF-8"?>
<!-- Generated by org.testng.reporters.JUnitReportReporter -->
<testsuite hostname="DESKTOP-RVJV18D" failures="0" tests="12" name="com.qe.project.testcases.warehouseRTV_Test" time="0.000" errors="0" timestamp="2023-09-19T09:15:54 IST" skipped="12">
  <testcase classname="com.qe.project.testcases.warehouseRTV_Test" name="clickOnRTV" time="0.000">
    <skipped/>
  </testcase> <!-- clickOnRTV -->
  <testcase classname="com.qe.project.testcases.warehouseRTV_Test" name="clickOnselect" time="0.000">
    <skipped/>
  </testcase> <!-- clickOnselect -->
  <testcase classname="com.qe.project.testcases.warehouseRTV_Test" name="clickOnupdate" time="0.000">
    <skipped/>
  </testcase> <!-- clickOnupdate -->
  <testcase classname="com.qe.project.testcases.warehouseRTV_Test" name="clickOnreturndate" time="0.000">
    <skipped/>
  </testcase> <!-- clickOnreturndate -->
  <testcase classname="com.qe.project.testcases.warehouseRTV_Test" name="clickOnselectdata" time="0.000">
    <skipped/>
  </testcase> <!-- clickOnselectdata -->
  <testcase classname="com.qe.project.testcases.warehouseRTV_Test" name="clickOnOK" time="0.000">
    <skipped/>
  </testcase> <!-- clickOnOK -->
  <testcase classname="com.qe.project.testcases.warehouseRTV_Test" name="clickreturnmethod" time="0.000">
    <skipped/>
  </testcase> <!-- clickreturnmethod -->
  <testcase classname="com.qe.project.testcases.warehouseRTV_Test" name="clickOndispatch" time="0.000">
    <skipped/>
  </testcase> <!-- clickOndispatch -->
  <testcase classname="com.qe.project.testcases.warehouseRTV_Test" name="clickdocumenttype" time="0.000">
    <skipped/>
  </testcase> <!-- clickdocumenttype -->
  <testcase classname="com.qe.project.testcases.warehouseRTV_Test" name="clickInvoice" time="0.000">
    <skipped/>
  </testcase> <!-- clickInvoice -->
  <testcase classname="com.qe.project.testcases.warehouseRTV_Test" name="clicksubmit" time="0.000">
    <skipped/>
  </testcase> <!-- clicksubmit -->
  <testcase classname="com.qe.project.testcases.warehouseRTV_Test" name="clickSubmitOK" time="0.000">
    <skipped/>
  </testcase> <!-- clickSubmitOK -->
</testsuite> <!-- com.qe.project.testcases.warehouseRTV_Test -->
