<?xml version="1.0" encoding="UTF-8"?>
<!-- Generated by org.testng.reporters.JUnitReportReporter -->
<testsuite hostname="LAPTOP-9FDKH1JV" failures="0" tests="3" name="com.qe.project.testcases.Logout_InTest" time="7.426" errors="0" timestamp="2024-08-04T11:25:02 IST" skipped="0">
  <testcase classname="com.qe.project.testcases.Logout_InTest" name="logout" time="2.126"/>
  <system-out/>
  <testcase classname="com.qe.project.testcases.Logout_InTest" name="LogoutOption" time="2.163"/>
  <system-out/>
  <testcase classname="com.qe.project.testcases.Logout_InTest" name="LogoutBtm" time="3.137"/>
  <system-out/>
</testsuite> <!-- com.qe.project.testcases.Logout_InTest -->
